
> clinteia-app@0.1.0 storybook /Users/juanmamolinscortes/Documentos/clinteia-app
> storybook dev -p 6006

@storybook/core v8.6.15

(node:50100) [DEP0190] DeprecationWarning: Passing args to a child process with shell option true can lead to security vulnerabilities, as the arguments are not escaped, only concatenated.
(Use `node --trace-deprecation ...` to show where the warning was created)
WARN Using CommonJS in your main configuration file is deprecated with Vite.
WARN - Refer to the migration guide at https://github.com/storybookjs/storybook/blob/next/MIGRATION.md#commonjs-with-vite-is-deprecated
info => Serving static files from ././public at /
info => Starting manager..
WARN No story files found for the specified pattern: stories/**/*.mdx
info => Starting preview..
info Using tsconfig paths for react-docgen
╭─────────────────────────────────────────────────────────────────────╮
│                                                                     │
│   [38;2;162;224;94mStorybook 8.6.15 for react-vite started[39m                           │
│   1.14 s for manager and 2.52 s for preview                         │
│                                                                     │
│   Local:            http://localhost:6006/                          │
│   On your network:  http://192.168.8.6:6006/                        │
│                                                                     │
│   [38;2;243;173;56mA new version (10.2.8) is available![39m                              │
│                                                                     │
│   Upgrade now: [38;2;162;224;94mnpx storybook@latest upgrade[39m                         │
│                                                                     │
│   Read full changelog:                                              │
│   https://github.com/storybookjs/storybook/blob/main/CHANGELOG.md   │
│                                                                     │
╰─────────────────────────────────────────────────────────────────────╯
8:29:54 PM [vite] ✨ new dependencies optimized: @radix-ui/react-label, @radix-ui/react-checkbox, @radix-ui/react-dropdown-menu
8:29:54 PM [vite] ✨ optimized dependencies changed. reloading
8:30:07 PM [vite] ✨ new dependencies optimized: @radix-ui/react-separator, sonner, @radix-ui/react-switch
8:30:07 PM [vite] ✨ optimized dependencies changed. reloading
8:30:29 PM [vite] page reload stories/ui/dropdown-menu.stories.tsx
8:30:57 PM [vite] page reload stories/ui/calendar.stories.tsx
8:31:23 PM [vite] page reload stories/ui/calendar.stories.tsx
8:31:49 PM [vite] page reload .next/server/app/_global-error.html
8:31:49 PM [vite] page reload .next/server/app/_not-found.html
8:31:49 PM [vite] page reload .next/server/app/index.html
8:31:49 PM [vite] page reload .next/server/pages/500.html
8:31:49 PM [vite] page reload .next/server/pages/404.html
8:32:10 PM [vite] page reload .next/server/app/index.html
8:32:10 PM [vite] page reload .next/server/app/_not-found.html
8:32:10 PM [vite] page reload .next/server/app/_global-error.html
8:32:10 PM [vite] page reload .next/server/pages/404.html
8:32:10 PM [vite] page reload .next/server/pages/500.html
8:32:28 PM [vite] ✨ new dependencies optimized: @radix-ui/react-alert-dialog
8:32:28 PM [vite] ✨ optimized dependencies changed. reloading
8:36:26 PM [vite] hmr update /app/globals.css
8:37:15 PM [vite] page reload stories/ui/alert-dialog.stories.tsx
8:37:15 PM [vite] page reload stories/ui/dropdown-menu.stories.tsx
8:37:15 PM [vite] page reload stories/ui/popover.stories.tsx
8:37:23 PM [vite] page reload stories/ui/alert-dialog.stories.tsx
8:37:31 PM [vite] page reload stories/ui/dropdown-menu.stories.tsx
8:37:40 PM [vite] page reload stories/ui/popover.stories.tsx
8:38:39 PM [vite] page reload .storybook/preview.tsx
8:38:46 PM [vite] hmr update /styles/storybook.css, /app/globals.css
8:41:39 PM [vite] hmr update /components/ui/dropdown-menu.tsx, /app/globals.css
8:43:07 PM [vite] hmr update /components/ui/alert.tsx, /app/globals.css
8:43:07 PM [vite] hmr invalidate /components/ui/alert.tsx Could not Fast Refresh (new export)
8:43:07 PM [vite] page reload components/ui/alert.tsx
8:43:30 PM [vite] page reload app/page.tsx
8:44:11 PM [vite] page reload stories/ui/alert.stories.tsx
8:45:41 PM [vite] page reload components/ui/cancel-button.tsx
8:45:48 PM [vite] hmr update /components/ui/alert-dialog.tsx, /app/globals.css
8:45:57 PM [vite] page reload stories/ui/alert-dialog.stories.tsx
8:46:10 PM [vite] page reload stories/ui/card.stories.tsx
8:46:17 PM [vite] page reload stories/ui/neon-card.stories.tsx
8:46:25 PM [vite] page reload stories/ui/dialog.stories.tsx
8:47:25 PM [vite] hmr update /components/ui/button.tsx, /app/globals.css
8:47:25 PM [vite] hmr invalidate /components/ui/button.tsx Could not Fast Refresh ("buttonVariants" export is incompatible). Learn more at https://github.com/vitejs/vite-plugin-react/tree/main/packages/plugin-react#consistent-components-exports
8:47:25 PM [vite] page reload components/ui/button.tsx
8:49:07 PM [vite] hmr update /components/ui/button.tsx, /app/globals.css
8:49:07 PM [vite] Internal server error: /Users/juanmamolinscortes/Documentos/clinteia-app/components/ui/button.tsx: Unexpected token (15:63)

  13 |         secondary:
  14 |           "relative isolate text-foreground shadow-xs transition-all duration-700",
> 15 |           "bg-gradient-to-br from-gradient-from to-gradient-to",
     |                                                                ^
  16 |           "after:content-[''] after:absolute after:inset-[2px] after:rounded-[calc(var(--radius)-2px)] after:bg-background",
  17 |           "before:content-[''] before:absolute before:inset-0 before:rounded-[inherit] before:bg-gradient-to-br before:from-gradient-from before:to-gradient-to before:transition-all before:duration-700 before:ease-in-out",
  18 |           "before:-z-10 after:-z-10",
  Plugin: storybook:react-docgen-plugin
  File: /Users/juanmamolinscortes/Documentos/clinteia-app/components/ui/button.tsx:15:63
  13 |          secondary:
  14 |            "relative isolate text-foreground shadow-xs transition-all duration-700",
  15 |            "bg-gradient-to-br from-gradient-from to-gradient-to",
     |                                                                 ^
  16 |            "after:content-[''] after:absolute after:inset-[2px] after:rounded-[calc(var(--radius)-2px)] after:bg-background",
  17 |            "before:content-[''] before:absolute before:inset-0 before:rounded-[inherit] before:bg-gradient-to-br before:from-gradient-from before:to-gradient-to before:transition-all before:duration-700 before:ease-in-out",
      at toParseError (/Users/juanmamolinscortes/Documentos/clinteia-app/node_modules/.pnpm/@babel+parser@7.29.0/node_modules/@babel/parser/src/parse-error.ts:95:45)
      at TypeScriptParserMixin.raise (/Users/juanmamolinscortes/Documentos/clinteia-app/node_modules/.pnpm/@babel+parser@7.29.0/node_modules/@babel/parser/src/tokenizer/index.ts:1504:19)
      at TypeScriptParserMixin.unexpected (/Users/juanmamolinscortes/Documentos/clinteia-app/node_modules/.pnpm/@babel+parser@7.29.0/node_modules/@babel/parser/src/tokenizer/index.ts:1544:16)
      at TypeScriptParserMixin.parseObjPropValue (/Users/juanmamolinscortes/Documentos/clinteia-app/node_modules/.pnpm/@babel+parser@7.29.0/node_modules/@babel/parser/src/parser/expression.ts:2395:21)
      at TypeScriptParserMixin.parseObjPropValue (/Users/juanmamolinscortes/Documentos/clinteia-app/node_modules/.pnpm/@babel+parser@7.29.0/node_modules/@babel/parser/src/plugins/typescript/index.ts:3675:20)
      at TypeScriptParserMixin.parsePropertyDefinition (/Users/juanmamolinscortes/Documentos/clinteia-app/node_modules/.pnpm/@babel+parser@7.29.0/node_modules/@babel/parser/src/parser/expression.ts:2228:17)
      at TypeScriptParserMixin.parseObjectLike (/Users/juanmamolinscortes/Documentos/clinteia-app/node_modules/.pnpm/@babel+parser@7.29.0/node_modules/@babel/parser/src/parser/expression.ts:2095:21)
      at TypeScriptParserMixin.parseExprAtom (/Users/juanmamolinscortes/Documentos/clinteia-app/node_modules/.pnpm/@babel+parser@7.29.0/node_modules/@babel/parser/src/parser/expression.ts:1181:21)
      at TypeScriptParserMixin.parseExprAtom (/Users/juanmamolinscortes/Documentos/clinteia-app/node_modules/.pnpm/@babel+parser@7.29.0/node_modules/@babel/parser/src/plugins/jsx/index.ts:583:22)
      at TypeScriptParserMixin.parseExprSubscripts (/Users/juanmamolinscortes/Documentos/clinteia-app/node_modules/.pnpm/@babel+parser@7.29.0/node_modules/@babel/parser/src/parser/expression.ts:742:23)
      at TypeScriptParserMixin.parseUpdate (/Users/juanmamolinscortes/Documentos/clinteia-app/node_modules/.pnpm/@babel+parser@7.29.0/node_modules/@babel/parser/src/parser/expression.ts:721:21)
      at TypeScriptParserMixin.parseMaybeUnary (/Users/juanmamolinscortes/Documentos/clinteia-app/node_modules/.pnpm/@babel+parser@7.29.0/node_modules/@babel/parser/src/parser/expression.ts:683:23)
      at TypeScriptParserMixin.parseMaybeUnary (/Users/juanmamolinscortes/Documentos/clinteia-app/node_modules/.pnpm/@babel+parser@7.29.0/node_modules/@babel/parser/src/plugins/typescript/index.ts:3893:20)
      at TypeScriptParserMixin.parseMaybeUnaryOrPrivate (/Users/juanmamolinscortes/Documentos/clinteia-app/node_modules/.pnpm/@babel+parser@7.29.0/node_modules/@babel/parser/src/parser/expression.ts:417:14)
      at TypeScriptParserMixin.parseExprOps (/Users/juanmamolinscortes/Documentos/clinteia-app/node_modules/.pnpm/@babel+parser@7.29.0/node_modules/@babel/parser/src/parser/expression.ts:429:23)
      at TypeScriptParserMixin.parseMaybeConditional (/Users/juanmamolinscortes/Documentos/clinteia-app/node_modules/.pnpm/@babel+parser@7.29.0/node_modules/@babel/parser/src/parser/expression.ts:384:23)
      at TypeScriptParserMixin.parseMaybeAssign (/Users/juanmamolinscortes/Documentos/clinteia-app/node_modules/.pnpm/@babel+parser@7.29.0/node_modules/@babel/parser/src/parser/expression.ts:301:21)
      at TypeScriptParserMixin.parseMaybeAssign (/Users/juanmamolinscortes/Documentos/clinteia-app/node_modules/.pnpm/@babel+parser@7.29.0/node_modules/@babel/parser/src/plugins/typescript/index.ts:3764:22)
      at callback (/Users/juanmamolinscortes/Documentos/clinteia-app/node_modules/.pnpm/@babel+parser@7.29.0/node_modules/@babel/parser/src/parser/expression.ts:257:12)
      at TypeScriptParserMixin.allowInAnd (/Users/juanmamolinscortes/Documentos/clinteia-app/node_modules/.pnpm/@babel+parser@7.29.0/node_modules/@babel/parser/src/parser/expression.ts:3194:12)
      at TypeScriptParserMixin.parseMaybeAssignAllowIn (/Users/juanmamolinscortes/Documentos/clinteia-app/node_modules/.pnpm/@babel+parser@7.29.0/node_modules/@babel/parser/src/parser/expression.ts:256:17)
      at TypeScriptParserMixin.parseMaybeAssignAllowInOrVoidPattern (/Users/juanmamolinscortes/Documentos/clinteia-app/node_modules/.pnpm/@babel+parser@7.29.0/node_modules/@babel/parser/src/parser/expression.ts:3308:17)
      at TypeScriptParserMixin.parseObjectProperty (/Users/juanmamolinscortes/Documentos/clinteia-app/node_modules/.pnpm/@babel+parser@7.29.0/node_modules/@babel/parser/src/parser/expression.ts:2325:16)
      at TypeScriptParserMixin.parseObjPropValue (/Users/juanmamolinscortes/Documentos/clinteia-app/node_modules/.pnpm/@babel+parser@7.29.0/node_modules/@babel/parser/src/parser/expression.ts:2388:12)
      at TypeScriptParserMixin.parseObjPropValue (/Users/juanmamolinscortes/Documentos/clinteia-app/node_modules/.pnpm/@babel+parser@7.29.0/node_modules/@babel/parser/src/plugins/typescript/index.ts:3675:20)
      at TypeScriptParserMixin.parsePropertyDefinition (/Users/juanmamolinscortes/Documentos/clinteia-app/node_modules/.pnpm/@babel+parser@7.29.0/node_modules/@babel/parser/src/parser/expression.ts:2228:17)
      at TypeScriptParserMixin.parseObjectLike (/Users/juanmamolinscortes/Documentos/clinteia-app/node_modules/.pnpm/@babel+parser@7.29.0/node_modules/@babel/parser/src/parser/expression.ts:2095:21)
      at TypeScriptParserMixin.parseExprAtom (/Users/juanmamolinscortes/Documentos/clinteia-app/node_modules/.pnpm/@babel+parser@7.29.0/node_modules/@babel/parser/src/parser/expression.ts:1181:21)
      at TypeScriptParserMixin.parseExprAtom (/Users/juanmamolinscortes/Documentos/clinteia-app/node_modules/.pnpm/@babel+parser@7.29.0/node_modules/@babel/parser/src/plugins/jsx/index.ts:583:22)
      at TypeScriptParserMixin.parseExprSubscripts (/Users/juanmamolinscortes/Documentos/clinteia-app/node_modules/.pnpm/@babel+parser@7.29.0/node_modules/@babel/parser/src/parser/expression.ts:742:23)
      at TypeScriptParserMixin.parseUpdate (/Users/juanmamolinscortes/Documentos/clinteia-app/node_modules/.pnpm/@babel+parser@7.29.0/node_modules/@babel/parser/src/parser/expression.ts:721:21)
      at TypeScriptParserMixin.parseMaybeUnary (/Users/juanmamolinscortes/Documentos/clinteia-app/node_modules/.pnpm/@babel+parser@7.29.0/node_modules/@babel/parser/src/parser/expression.ts:683:23)
      at TypeScriptParserMixin.parseMaybeUnary (/Users/juanmamolinscortes/Documentos/clinteia-app/node_modules/.pnpm/@babel+parser@7.29.0/node_modules/@babel/parser/src/plugins/typescript/index.ts:3893:20)
      at TypeScriptParserMixin.parseMaybeUnaryOrPrivate (/Users/juanmamolinscortes/Documentos/clinteia-app/node_modules/.pnpm/@babel+parser@7.29.0/node_modules/@babel/parser/src/parser/expression.ts:417:14)
      at TypeScriptParserMixin.parseExprOps (/Users/juanmamolinscortes/Documentos/clinteia-app/node_modules/.pnpm/@babel+parser@7.29.0/node_modules/@babel/parser/src/parser/expression.ts:429:23)
      at TypeScriptParserMixin.parseMaybeConditional (/Users/juanmamolinscortes/Documentos/clinteia-app/node_modules/.pnpm/@babel+parser@7.29.0/node_modules/@babel/parser/src/parser/expression.ts:384:23)
      at TypeScriptParserMixin.parseMaybeAssign (/Users/juanmamolinscortes/Documentos/clinteia-app/node_modules/.pnpm/@babel+parser@7.29.0/node_modules/@babel/parser/src/parser/expression.ts:301:21)
      at TypeScriptParserMixin.parseMaybeAssign (/Users/juanmamolinscortes/Documentos/clinteia-app/node_modules/.pnpm/@babel+parser@7.29.0/node_modules/@babel/parser/src/plugins/typescript/index.ts:3764:22)
      at callback (/Users/juanmamolinscortes/Documentos/clinteia-app/node_modules/.pnpm/@babel+parser@7.29.0/node_modules/@babel/parser/src/parser/expression.ts:257:12)
      at TypeScriptParserMixin.allowInAnd (/Users/juanmamolinscortes/Documentos/clinteia-app/node_modules/.pnpm/@babel+parser@7.29.0/node_modules/@babel/parser/src/parser/expression.ts:3194:12)
      at TypeScriptParserMixin.parseMaybeAssignAllowIn (/Users/juanmamolinscortes/Documentos/clinteia-app/node_modules/.pnpm/@babel+parser@7.29.0/node_modules/@babel/parser/src/parser/expression.ts:256:17)
      at TypeScriptParserMixin.parseMaybeAssignAllowInOrVoidPattern (/Users/juanmamolinscortes/Documentos/clinteia-app/node_modules/.pnpm/@babel+parser@7.29.0/node_modules/@babel/parser/src/parser/expression.ts:3308:17)
      at TypeScriptParserMixin.parseObjectProperty (/Users/juanmamolinscortes/Documentos/clinteia-app/node_modules/.pnpm/@babel+parser@7.29.0/node_modules/@babel/parser/src/parser/expression.ts:2325:16)
      at TypeScriptParserMixin.parseObjPropValue (/Users/juanmamolinscortes/Documentos/clinteia-app/node_modules/.pnpm/@babel+parser@7.29.0/node_modules/@babel/parser/src/parser/expression.ts:2388:12)
      at TypeScriptParserMixin.parseObjPropValue (/Users/juanmamolinscortes/Documentos/clinteia-app/node_modules/.pnpm/@babel+parser@7.29.0/node_modules/@babel/parser/src/plugins/typescript/index.ts:3675:20)
      at TypeScriptParserMixin.parsePropertyDefinition (/Users/juanmamolinscortes/Documentos/clinteia-app/node_modules/.pnpm/@babel+parser@7.29.0/node_modules/@babel/parser/src/parser/expression.ts:2228:17)
      at TypeScriptParserMixin.parseObjectLike (/Users/juanmamolinscortes/Documentos/clinteia-app/node_modules/.pnpm/@babel+parser@7.29.0/node_modules/@babel/parser/src/parser/expression.ts:2095:21)
      at TypeScriptParserMixin.parseExprAtom (/Users/juanmamolinscortes/Documentos/clinteia-app/node_modules/.pnpm/@babel+parser@7.29.0/node_modules/@babel/parser/src/parser/expression.ts:1181:21)
      at TypeScriptParserMixin.parseExprAtom (/Users/juanmamolinscortes/Documentos/clinteia-app/node_modules/.pnpm/@babel+parser@7.29.0/node_modules/@babel/parser/src/plugins/jsx/index.ts:583:22)
      at TypeScriptParserMixin.parseExprSubscripts (/Users/juanmamolinscortes/Documentos/clinteia-app/node_modules/.pnpm/@babel+parser@7.29.0/node_modules/@babel/parser/src/parser/expression.ts:742:23)
8:49:42 PM [vite] hmr update /components/ui/button.tsx, /app/globals.css
8:49:42 PM [vite] hmr invalidate /components/ui/button.tsx Could not Fast Refresh ("buttonVariants" export is incompatible). Learn more at https://github.com/vitejs/vite-plugin-react/tree/main/packages/plugin-react#consistent-components-exports
8:49:42 PM [vite] page reload components/ui/button.tsx
8:51:03 PM [vite] hmr update /components/ui/button.tsx, /app/globals.css
8:51:03 PM [vite] hmr invalidate /components/ui/button.tsx Could not Fast Refresh ("buttonVariants" export is incompatible). Learn more at https://github.com/vitejs/vite-plugin-react/tree/main/packages/plugin-react#consistent-components-exports
8:51:03 PM [vite] page reload components/ui/button.tsx
8:53:16 PM [vite] hmr update /components/ui/label.tsx, /app/globals.css
8:53:40 PM [vite] hmr update /components/ui/checkbox.tsx, /app/globals.css
8:53:40 PM [vite] page reload stories/ui/loader.stories.tsx
8:53:49 PM [vite] hmr update /styles/storybook.css, /app/globals.css
8:54:47 PM [vite] hmr update /components/ui/sheet.tsx, /app/globals.css
8:55:23 PM [vite] hmr update /components/ui/skeleton.tsx, /app/globals.css
8:56:11 PM [vite] hmr update /components/ui/skeleton.tsx, /app/globals.css
8:57:02 PM [vite] hmr update /components/ui/switch.tsx, /app/globals.css
8:57:51 PM [vite] hmr update /components/ui/tooltip.tsx, /app/globals.css
9:00:22 PM [vite] page reload  virtual:/@storybook/builder-vite/storybook-stories.js
9:00:31 PM [vite] ✨ new dependencies optimized: @storybook/blocks, @mdx-js/react
9:00:31 PM [vite] ✨ optimized dependencies changed. reloading
9:00:34 PM [vite] hmr update /components/ui/tooltip.tsx, /app/globals.css
